[debug] [2023-05-07T13:21:00.924Z] ----------------------------------------------------------------------
[debug] [2023-05-07T13:21:00.927Z] Command:       C:\Program Files\nodejs\node.exe C:\Users\sreer\AppData\Roaming\npm\node_modules\firebase-tools\lib\bin\firebase.js init hosting:github
[debug] [2023-05-07T13:21:00.928Z] CLI Version:   11.30.0
[debug] [2023-05-07T13:21:00.928Z] Platform:      win32
[debug] [2023-05-07T13:21:00.928Z] Node Version:  v19.9.0
[debug] [2023-05-07T13:21:00.929Z] Time:          Sun May 07 2023 18:51:00 GMT+0530 (India Standard Time)
[debug] [2023-05-07T13:21:00.929Z] ----------------------------------------------------------------------
[debug] 
[debug] [2023-05-07T13:21:01.030Z] > command requires scopes: ["email","openid","https://www.googleapis.com/auth/cloudplatformprojects.readonly","https://www.googleapis.com/auth/firebase","https://www.googleapis.com/auth/cloud-platform"]
[debug] [2023-05-07T13:21:01.031Z] > authorizing via signed-in user (sreeragvk020@gmail.com)
[info] 
     ######## #### ########  ######## ########     ###     ######  ########
     ##        ##  ##     ## ##       ##     ##  ##   ##  ##       ##
     ######    ##  ########  ######   ########  #########  ######  ######
     ##        ##  ##    ##  ##       ##     ## ##     ##       ## ##
     ##       #### ##     ## ######## ########  ##     ##  ######  ########

You're about to initialize a Firebase project in this directory:

  D:\Project\Brocamp\GetMyShoes

Before we get started, keep in mind:

  * You are initializing within an existing Firebase project directory

